[debug] [2021-07-08T17:46:57.666Z] ----------------------------------------------------------------------
[debug] [2021-07-08T17:46:57.795Z] Command:       C:\Program Files\nodejs\node.exe C:\Users\HP\AppData\Roaming\npm\node_modules\firebase-tools\lib\bin\firebase.js init
[debug] [2021-07-08T17:46:57.796Z] CLI Version:   9.14.0
[debug] [2021-07-08T17:46:57.796Z] Platform:      win32
[debug] [2021-07-08T17:46:57.796Z] Node Version:  v16.2.0
[debug] [2021-07-08T17:46:58.167Z] Time:          Thu Jul 08 2021 23:16:57 GMT+0530 (India Standard Time)
[debug] [2021-07-08T17:46:58.168Z] ----------------------------------------------------------------------
[debug] 
[debug] [2021-07-08T17:46:58.313Z] > command requires scopes: ["email","openid","https://www.googleapis.com/auth/cloudplatformprojects.readonly","https://www.googleapis.com/auth/firebase","https://www.googleapis.com/auth/cloud-platform"]
[debug] [2021-07-08T17:46:58.314Z] > authorizing via signed-in user (mayanksinghrathore818@gmail.com)
[info] 
     ######## #### ########  ######## ########     ###     ######  ########
     ##        ##  ##     ## ##       ##     ##  ##   ##  ##       ##
     ######    ##  ########  ######   ########  #########  ######  ######
     ##        ##  ##    ##  ##       ##     ## ##     ##       ## ##
     ##       #### ##     ## ######## ########  ##     ##  ######  ########

You're about to initialize a Firebase project in this directory:

  C:\Users\HP\chat-app-version-2.0

Before we get started, keep in mind:

  * You are initializing within an existing Firebase project directory

